<?xml version="1.0" encoding="UTF-8"?>
<testng-results skipped="0" failed="0" ignored="0" total="1" passed="1">
  <reporter-output>
    <line>
      <![CDATA[Browser about to launch]]>
    </line>
  </reporter-output>
  <suite name="Default suite" duration-ms="7317" started-at="2017-05-28T17:45:52Z" finished-at="2017-05-28T17:45:59Z">
    <groups>
    </groups>
    <test name="Default test" duration-ms="7317" started-at="2017-05-28T17:45:52Z" finished-at="2017-05-28T17:45:59Z">
      <class name="HomePage.TC001">
        <test-method status="PASS" signature="HomePage()[pri:0, instance:HomePage.TC001@167c1fc]" name="HomePage" duration-ms="6945" started-at="2017-05-28T23:15:52Z" finished-at="2017-05-28T23:15:59Z">
          <reporter-output>
            <line>
              <![CDATA[Browser about to launch]]>
            </line>
          </reporter-output>
        </test-method> <!-- HomePage -->
        <test-method status="PASS" signature="testDown()[pri:0, instance:HomePage.TC001@167c1fc]" name="testDown" is-config="true" duration-ms="347" started-at="2017-05-28T23:15:59Z" finished-at="2017-05-28T23:15:59Z">
          <reporter-output>
          </reporter-output>
        </test-method> <!-- testDown -->
      </class> <!-- HomePage.TC001 -->
    </test> <!-- Default test -->
  </suite> <!-- Default suite -->
</testng-results>
